main.sh: line 47: syntax error near unexpected token `;'
main.sh: line 47: `case opt in ${option[@]}; do '
main.sh: line 47: syntax error near unexpected token `;'
main.sh: line 47: `case opt in ${option[@]}; do '
main.sh: line 47: syntax error near unexpected token `;'
main.sh: line 47: `case opt in ${option[@]}; do '
main.sh: line 47: syntax error near unexpected token `;'
main.sh: line 47: `case opt in ${option[@]}; do '
main.sh: line 47: syntax error near unexpected token `;'
main.sh: line 47: `case opt in ${option[@]}; do '
main.sh: line 47: syntax error near unexpected token `;'
main.sh: line 47: `case opt in ${option[@]}; do '
main.sh: line 47: syntax error near unexpected token `;'
main.sh: line 47: `case opt in ${option[@]}; do '
main.sh: line 47: syntax error near unexpected token `;'
main.sh: line 47: `case opt in ${option[@]}; do '
main.sh: line 47: syntax error near unexpected token `;'
main.sh: line 47: `case opt in ${option[@]}; do '
main.sh: line 47: syntax error near unexpected token `;'
main.sh: line 47: `case opt in ${option[@]}; do '
main.sh: line 47: syntax error near unexpected token `;'
main.sh: line 47: `case opt in ${option[@]}; do '
main.sh: line 47: syntax error near unexpected token `;'
main.sh: line 47: `case opt in ${option[@]}; do '
main.sh: line 47: syntax error near unexpected token `;'
main.sh: line 47: `case opt in ${option[@]}; do '
main.sh: line 47: syntax error near unexpected token `;'
main.sh: line 47: `case $opt in ${option[@]}; do '
main.sh: line 47: syntax error near unexpected token `;'
main.sh: line 47: `case $opt in ${ALL_OPTIONS[@]}; do '
main.sh: line 47: syntax error near unexpected token `;'
main.sh: line 47: `case $options in; do '
main.sh: line 53: syntax error: unexpected end of file
main.sh: line 54: syntax error: unexpected end of file
main.sh: line 54: syntax error: unexpected end of file
main.sh: line 54: syntax error: unexpected end of file
main.sh: line 54: syntax error: unexpected end of file
main.sh: line 54: syntax error: unexpected end of file
main.sh: line 54: syntax error: unexpected end of file
main.sh: line 54: syntax error: unexpected end of file
main.sh: line 53: syntax error: unexpected end of file
main.sh: line 53: syntax error: unexpected end of file
main.sh: line 47: syntax error near unexpected token `;'
main.sh: line 47: `case "$options" in; '
main.sh: line 53: syntax error: unexpected end of file
main.sh: line 51: display_help: command not found
	--help
	--help
chmod: cannot access 'main.sh': No such file or directory
chmod: cannot access 'main.sh': No such file or directory
chmod: cannot access 'main.sh': No such file or directory
chmod: cannot access 'main.sh': No such file or directory
Default
Default
Default
Packages to install: Packages to install: Packages to install: Packages to install: Packages to install: 