Hello World
Hello World
Hello World
Hello World
Hello World
Hello World
Hello World
Hello World
Hello World
/bin/bash
Hello World from 0
/bin/bash
Hello World from 0
Hello World from <subprocess.Popen object at 0x7fa3d0313cd0>
Hello World from <subprocess.Popen object at 0x7f39f922dcd0>
Hello World from (b'$SHELL\n', None)
Hello World from b'$SHELL\n'
Hello World from None
Hello World from $SHELL

Hello World from $SHELL

Hello World from $SHELL

Hello World from $SHELL

Hello World from   $SHELL

Hello World from \$SHELL

Hello World from $SHELL

Hello World from "$SHELL"

Hello World from $SHELL

Hello World from $SHELL

Hello World from $SHELL

Running Python: 3.8
Hello World
Running Python: 3.8
Hello World
Running Python: 3.8
Hello World
Running Python: 3.8
Hello World
Running Python: 3.8
Hello World
Running Python: 3.8
Hello World
Running Python: 3.8
Hello World
Running Python: 3.8
Hello World
Running Python: 3.8
Hello World
Running Python: 3.8
Hello World
