#######################
# 10/12/2020 12:30:25 #
#######################
surf
https://git.suckless.org/surf
#######################
# 10/12/2020 12:43:23 #
#######################
sxiv
https://github.com/muennich/sxiv
#######################
# 10/16/2020 04:15:21 #
#######################
Vundle
https://github.com/VundleVim/Vundle.vim
#######################
# 10/17/2020 07:24:38 #
#######################
vim-man
https://github.com/vim-utils/vim-man
#######################
# 10/18/2020 14:43:54 #
#######################
pandoc
https://github.com/jgm/pandoc
#######################
# 10/21/2020 23:55:57 #
#######################
argentsileo_gruvbox-dotfiles
https://github.com/argentsileo/gruvbox-dotfiles
#######################
# 10/21/2020 23:57:22 #
#######################
argentsileo_gruvbox-dotfiles
https://github.com/argentsileo/gruvbox-dotfiles
#######################
# 10/26/2020 21:46:05 #
#######################
archiso
https://gitlab.archlinux.org/archlinux/archiso
