#######################
# 09/22/2020 01:56:10 #
#######################
Command: sudo pacman -S nvim | tee -a /home/admin/asura/.data//installs.log
Packages: nvim
#######################
# 09/22/2020 01:56:17 #
#######################
Command: sudo pacman -S neovim | tee -a /home/admin/asura/.data//installs.log
Packages: neovim
resolving dependencies...
looking for conflicting packages...

Packages (1) neovim-0.4.4-1

Total Installed Size:  20.45 MiB
Net Upgrade Size:       0.00 MiB

#######################
# 09/22/2020 01:57:09 #
#######################
Command: sudo pacman -S nvim | tee -a /home/admin/asura/.data//installs.log
Packages: nvim
#######################
# 09/22/2020 05:52:03 #
#######################
Command: sudo pacman -S thunar | tee -a /home/admin/asura/.logs//installs.log
Packages: thunar
resolving dependencies...
looking for conflicting packages...

Packages (1) thunar-1.8.15-1

Total Installed Size:  6.34 MiB
Net Upgrade Size:      0.00 MiB

checking keyring...
checking package integrity...
loading package files...
checking for file conflicts...
checking available disk space...
:: Processing package changes...
reinstalling thunar...
:: Running post-transaction hooks...
(1/3) Arming ConditionNeedsUpdate...
(2/3) Updating icon theme caches...
(3/3) Updating the desktop file MIME type cache...
#######################
# 09/22/2020 19:42:06 #
#######################
Command: sudo pacman -S dmenu | tee -a /home/admin/asura/.logs//installs.log
Packages: dmenu
resolving dependencies...
looking for conflicting packages...

Packages (1) dmenu-5.0-1

Total Download Size:   0.02 MiB
Total Installed Size:  0.05 MiB

:: Retrieving packages...
downloading dmenu-5.0-1-x86_64.pkg.tar.zst...
checking keyring...
checking package integrity...
loading package files...
checking for file conflicts...
checking available disk space...
:: Processing package changes...
installing dmenu...
:: Running post-transaction hooks...
(1/1) Arming ConditionNeedsUpdate...
#######################
# 09/22/2020 20:14:15 #
#######################
Command: sudo pacman -S feh | tee -a /home/admin/asura/.logs//installs.log
Packages: feh
resolving dependencies...
looking for conflicting packages...

Packages (3) imlib2-1.7.0-1  libid3tag-0.15.1b-11  feh-3.5-1

Total Download Size:   0.74 MiB
Total Installed Size:  1.79 MiB

:: Retrieving packages...
downloading libid3tag-0.15.1b-11-x86_64.pkg.tar.zst...
downloading imlib2-1.7.0-1-x86_64.pkg.tar.zst...
downloading feh-3.5-1-x86_64.pkg.tar.zst...
checking keyring...
checking package integrity...
loading package files...
checking for file conflicts...
checking available disk space...
:: Processing package changes...
installing libid3tag...
installing imlib2...
installing feh...
Optional dependencies for feh
    imagemagick: support more file formats
    jpegexiforient: set exif rotation tag
:: Running post-transaction hooks...
(1/3) Arming ConditionNeedsUpdate...
(2/3) Updating icon theme caches...
(3/3) Updating the desktop file MIME type cache...
#######################
# 09/22/2020 20:50:56 #
#######################
Command: sudo pacman -S imagemagick | tee -a /home/admin/asura/.logs//installs.log
Packages: imagemagick
resolving dependencies...
looking for conflicting packages...

Packages (3) liblqr-0.4.2-3  libraqm-0.7.0-2  imagemagick-7.0.10.30-1

Total Download Size:    2.58 MiB
Total Installed Size:  10.01 MiB

:: Retrieving packages...
downloading liblqr-0.4.2-3-x86_64.pkg.tar.zst...
downloading libraqm-0.7.0-2-x86_64.pkg.tar.zst...
downloading imagemagick-7.0.10.30-1-x86_64.pkg.tar.zst...
checking keyring...
checking package integrity...
loading package files...
checking for file conflicts...
checking available disk space...
:: Processing package changes...
installing liblqr...
installing libraqm...
installing imagemagick...
Optional dependencies for imagemagick
    ghostscript: PS/PDF support
    libheif: HEIF support
    libraw: DNG support
    librsvg: SVG support [installed]
    libwebp: WEBP support [installed]
    libwmf: WMF support
    libxml2: Magick Scripting Language [installed]
    ocl-icd: OpenCL support
    openexr: OpenEXR support
    openjpeg2: JPEG2000 support [installed]
    djvulibre: DJVU support
    pango: Text rendering [installed]
    imagemagick-doc: manual and API docs
:: Running post-transaction hooks...
(1/2) Arming ConditionNeedsUpdate...
(2/2) Warn about old perl modules
