#######################
# 09/23/2020 07:05:12 #
#######################
scrot
#######################
# 09/23/2020 23:57:06 #
#######################
xautolock
#######################
# 09/26/2020 17:31:56 #
#######################
conky
#######################
# 09/26/2020 21:07:24 #
#######################
doge
#######################
# 09/26/2020 21:38:29 #
#######################
gifsicle
#######################
# 09/26/2020 23:10:42 #
#######################
cmake
#######################
# 09/26/2020 23:44:39 #
#######################
rofi
#######################
# 09/27/2020 16:43:42 #
#######################
ranger
#######################
# 09/28/2020 16:33:14 #
#######################
alsa
#######################
# 09/28/2020 16:33:29 #
#######################
alsa-utils
#######################
# 10/02/2020 04:44:43 #
#######################
ttf-jetbrains-mono
#######################
# 10/02/2020 05:07:24 #
#######################
xorg-font-util
#######################
# 10/02/2020 06:49:58 #
#######################
python-pywal
#######################
# 10/02/2020 22:27:16 #
#######################
gvfs
#######################
# 10/02/2020 22:35:34 #
#######################
gvfs-smb
#######################
# 10/02/2020 22:41:17 #
#######################
gvfs-smb
#######################
# 10/03/2020 10:44:39 #
#######################
pcmanfm
#######################
# 10/04/2020 20:40:26 #
#######################
tk
#######################
# 10/05/2020 08:52:13 #
#######################
auto
#######################
# 10/05/2020 08:52:18 #
#######################
automake
#######################
# 10/05/2020 09:01:21 #
#######################
calcurse
#######################
# 10/12/2020 12:18:04 #
#######################
zathura
zathura-djvu
zathura-pdf-poppler
zathura-ps
#######################
# 10/12/2020 12:53:10 #
#######################
webkit2gtk
#######################
# 10/18/2020 19:24:57 #
#######################
texlive-core
#######################
# 10/22/2020 21:30:28 #
#######################
jq
#######################
# 10/26/2020 17:45:56 #
#######################
youtube-dl
10/28/2020 23:09:27 : nasm
