Logout
Suspend
Logout
Logout
Reboot\Restart
Shutdown
Logout
Logout
Logout
Logout
Logout
Logout
Logout
Logout
Logout
Logout
Shutdown
Shutdown
Shutdown
Shutdown
Shutdown
N
Cancelled.
Cancelled.
Cancelled.
Shutdown
Cancelled.
Cancelled.
Cancelled.
Cancelled.
Cancelled.
Cancelled.
Cancelled.
Cancelled.
Cancelled.
Cancelled.
Cancelled.
Cancelled.
Cancelled.
Cancelled.
Cancelled.
Logout
Cancelled.
Cancelled.
Cancelled.
Cancelled.
Cancelled.
Cancelled.
Cancelled.
Cancelled.
Cancelled.
Cancelled.
Cancelled.
Cancelled.
Cancelled.
Cancelled.
Cancelled.
ShutdownShutdown
Shutdown
Shutdown
Shutdown
[sudo] password for asura: Sorry, try again.
[sudo] password for asura: 
sudo: no password was provided
sudo: 1 incorrect password attempt
Shutdown
[sudo] password for asura: Sorry, try again.
[sudo] password for asura: 
sudo: no password was provided
sudo: 1 incorrect password attempt
Shutdown
[sudo] password for asura: Sorry, try again.
[sudo] password for asura: 
sudo: no password was provided
sudo: 1 incorrect password attempt
Shutdown
[sudo] password for asura: Sorry, try again.
[sudo] password for asura: 
sudo: no password was provided
sudo: 1 incorrect password attempt
Cancelled.
Shutdown
[sudo] password for asura: Cancelled.
Cancelled.
Cancelled.
Cancelled.
Shutdown
[sudo] password for asura: Cancelled.
Shutdown
[sudo] password for asura: Shutdown
[sudo] password for asura: Cancelled.
Shutdown
[sudo] password for asura: Shutdown
[sudo] password for asura: Cancelled.
Logout
Logout
Cancelled.
Shutdown
[sudo] password for asura: Shutdown
[sudo] password for asura: Shutdown
[sudo] password for asura: Shutdown
[sudo] password for asura: Cancelled.
Reboot\Restart
[sudo] password for asura: sudo: Shutdown: command not found
Shutdown
[sudo] password for asura: Reboot\Restart
[sudo] password for asura: sudo: Shutdown: command not found
Cancelled.
Cancelled.
Reboot\Restart
[sudo] password for asura: Shutdown
[sudo] password for asura: Logout
Shutdown
[sudo] password for asura: Shutdown
[sudo] password for asura: Shutdown
[sudo] password for asura: Shutdown
[sudo] password for asura: 