#######################
# 09/23/2020 12:29:44 #
#######################
Command: sudo pacman -Syyu | tee -a /home/admin/asura/.logs//updateproc.log
Updates:
:: Synchronizing package databases...
downloading core.db...
downloading extra.db...
downloading community.db...
:: Starting full system upgrade...
resolving dependencies...
looking for conflicting packages...

Packages (1) libldap-2.4.53-1

Total Download Size:   0.30 MiB
Total Installed Size:  0.90 MiB
Net Upgrade Size:      0.00 MiB

:: Retrieving packages...
downloading libldap-2.4.53-1-x86_64.pkg.tar.zst...
checking keyring...
checking package integrity...
loading package files...
checking for file conflicts...
checking available disk space...
:: Processing package changes...
upgrading libldap...
:: Running post-transaction hooks...
(1/1) Arming ConditionNeedsUpdate...
#######################
# 09/23/2020 12:38:36 #
#######################
Command: sudo pacman -Syyu | tee -a /home/admin/asura/.logs//updateproc.log
Updates:
#######################
# 09/23/2020 12:40:18 #
#######################
Command: sudo pacman -Syyu | tee -a /home/admin/asura/.logs//updateproc.log
Updates:
:: Synchronizing package databases...
downloading core.db...
downloading extra.db...
downloading community.db...
:: Starting full system upgrade...
 there is nothing to do
#######################
# 09/27/2020 16:46:33 #
#######################
Command: sudo pacman -Syyu | tee -a /home/admin/asura/.logs//updateproc.log
Updates:
:: Synchronizing package databases...
downloading core.db...
downloading extra.db...
downloading community.db...
:: Starting full system upgrade...
resolving dependencies...
looking for conflicting packages...

Packages (18) adwaita-icon-theme-3.38.0-1  at-spi2-core-2.38.0-1  brotli-1.0.9-2  filesystem-2020.09.03-1  firefox-81.0-2  jsoncpp-1.9.4-1  librsvg-2:2.50.0-1  libsoup-2.72.0+5+g0b094bff-1  libuv-1.40.0-1  linux-5.8.11.arch1-1  linux-headers-5.8.11.arch1-1  linux-lts-5.4.67-1  linux-lts-headers-5.4.67-1  openssl-1.1.1.h-1  perl-5.32.0-3  srt-1.4.2-1  sudo-1.9.3.p1-1  xf86-video-vesa-2.5.0-1

Total Download Size:   277.62 MiB
Total Installed Size:  711.81 MiB
Net Upgrade Size:        3.49 MiB

:: Retrieving packages...
downloading filesystem-2020.09.03-1-x86_64.pkg.tar.zst...
downloading perl-5.32.0-3-x86_64.pkg.tar.zst...
downloading openssl-1.1.1.h-1-x86_64.pkg.tar.zst...
downloading linux-5.8.11.arch1-1-x86_64.pkg.tar.zst...
downloading linux-headers-5.8.11.arch1-1-x86_64.pkg.tar.zst...
downloading linux-lts-5.4.67-1-x86_64.pkg.tar.zst...
downloading linux-lts-headers-5.4.67-1-x86_64.pkg.tar.zst...
downloading sudo-1.9.3.p1-1-x86_64.pkg.tar.zst...
downloading librsvg-2:2.50.0-1-x86_64.pkg.tar.zst...
downloading adwaita-icon-theme-3.38.0-1-any.pkg.tar.zst...
downloading at-spi2-core-2.38.0-1-x86_64.pkg.tar.zst...
downloading srt-1.4.2-1-x86_64.pkg.tar.zst...
downloading libsoup-2.72.0+5+g0b094bff-1-x86_64.pkg.tar.zst...
downloading firefox-81.0-2-x86_64.pkg.tar.zst...
downloading jsoncpp-1.9.4-1-x86_64.pkg.tar.zst...
downloading libuv-1.40.0-1-x86_64.pkg.tar.zst...
downloading xf86-video-vesa-2.5.0-1-x86_64.pkg.tar.zst...
downloading brotli-1.0.9-2-x86_64.pkg.tar.zst...
checking keyring...
checking package integrity...
loading package files...
checking for file conflicts...
checking available disk space...
:: Running pre-transaction hooks...
(1/1) Removing linux initcpios...
:: Processing package changes...
upgrading filesystem...
upgrading librsvg...
upgrading adwaita-icon-theme...
upgrading perl...
upgrading openssl...
upgrading at-spi2-core...
upgrading brotli...
upgrading srt...
upgrading libsoup...
upgrading firefox...
upgrading jsoncpp...
upgrading libuv...
upgrading linux...
upgrading linux-headers...
upgrading linux-lts...
upgrading linux-lts-headers...
upgrading sudo...
upgrading xf86-video-vesa...
:: Running post-transaction hooks...
( 1/11) Creating system user accounts...
( 2/11) Reloading system manager configuration...
( 3/11) Applying kernel sysctl settings...
Not setting net/ipv4/conf/all/rp_filter (explicit setting exists).
Not setting net/ipv4/conf/default/rp_filter (explicit setting exists).
Not setting net/ipv4/conf/all/accept_source_route (explicit setting exists).
Not setting net/ipv4/conf/default/accept_source_route (explicit setting exists).
Not setting net/ipv4/conf/all/promote_secondaries (explicit setting exists).
Not setting net/ipv4/conf/default/promote_secondaries (explicit setting exists).
( 4/11) Creating temporary files...
( 5/11) Arming ConditionNeedsUpdate...
( 6/11) Updating module dependencies...
( 7/11) Updating linux initcpios...
==> Building image from preset: /etc/mkinitcpio.d/linux-lts.preset: 'default'
  -> -k /boot/vmlinuz-linux-lts -c /etc/mkinitcpio.conf -g /boot/initramfs-linux-lts.img
==> Starting build: 5.4.67-1-lts
  -> Running build hook: [base]
  -> Running build hook: [udev]
  -> Running build hook: [autodetect]
  -> Running build hook: [modconf]
  -> Running build hook: [block]
  -> Running build hook: [filesystems]
  -> Running build hook: [keyboard]
  -> Running build hook: [fsck]
==> Generating module dependencies
==> Creating gzip-compressed initcpio image: /boot/initramfs-linux-lts.img
==> Image generation successful
==> Building image from preset: /etc/mkinitcpio.d/linux-lts.preset: 'fallback'
  -> -k /boot/vmlinuz-linux-lts -c /etc/mkinitcpio.conf -g /boot/initramfs-linux-lts-fallback.img -S autodetect
==> Starting build: 5.4.67-1-lts
  -> Running build hook: [base]
  -> Running build hook: [udev]
  -> Running build hook: [modconf]
  -> Running build hook: [block]
==> WARNING: Possibly missing firmware for module: aic94xx
==> WARNING: Possibly missing firmware for module: wd719x
  -> Running build hook: [filesystems]
  -> Running build hook: [keyboard]
  -> Running build hook: [fsck]
==> Generating module dependencies
==> Creating gzip-compressed initcpio image: /boot/initramfs-linux-lts-fallback.img
==> Image generation successful
==> Building image from preset: /etc/mkinitcpio.d/linux.preset: 'default'
  -> -k /boot/vmlinuz-linux -c /etc/mkinitcpio.conf -g /boot/initramfs-linux.img
==> Starting build: 5.8.11-arch1-1
  -> Running build hook: [base]
  -> Running build hook: [udev]
  -> Running build hook: [autodetect]
  -> Running build hook: [modconf]
  -> Running build hook: [block]
==> WARNING: Possibly missing firmware for module: xhci_pci
  -> Running build hook: [filesystems]
  -> Running build hook: [keyboard]
  -> Running build hook: [fsck]
==> Generating module dependencies
==> Creating gzip-compressed initcpio image: /boot/initramfs-linux.img
==> Image generation successful
==> Building image from preset: /etc/mkinitcpio.d/linux.preset: 'fallback'
  -> -k /boot/vmlinuz-linux -c /etc/mkinitcpio.conf -g /boot/initramfs-linux-fallback.img -S autodetect
==> Starting build: 5.8.11-arch1-1
  -> Running build hook: [base]
  -> Running build hook: [udev]
  -> Running build hook: [modconf]
  -> Running build hook: [block]
==> WARNING: Possibly missing firmware for module: aic94xx
==> WARNING: Possibly missing firmware for module: wd719x
==> WARNING: Possibly missing firmware for module: xhci_pci
  -> Running build hook: [filesystems]
  -> Running build hook: [keyboard]
  -> Running build hook: [fsck]
==> Generating module dependencies
==> Creating gzip-compressed initcpio image: /boot/initramfs-linux-fallback.img
==> Image generation successful
( 8/11) Warn about old perl modules
( 9/11) Probing GDK-Pixbuf loader modules...
(10/11) Updating icon theme caches...
(11/11) Updating the desktop file MIME type cache...
#######################
# 09/27/2020 17:27:45 #
#######################
Command: sudo pacman -Syyu | tee -a /home/admin/asura/.logs//updateproc.log
Updates:
:: Synchronizing package databases...
downloading core.db...
downloading extra.db...
downloading community.db...
:: Starting full system upgrade...
 there is nothing to do
#######################
# 09/28/2020 10:35:14 #
#######################
Command: sudo pacman -Syyu | tee -a /home/admin/asura/.logs//updateproc.log
Updates:
:: Synchronizing package databases...
downloading core.db...
downloading extra.db...
downloading community.db...
:: Starting full system upgrade...
resolving dependencies...
looking for conflicting packages...

Packages (9) at-spi2-atk-2.38.0-1  imagemagick-7.0.10.31-1  js78-78.3.0-1  libsigc++-2.10.4-2  linux-5.8.12.arch1-1  linux-headers-5.8.12.arch1-1  linux-lts-5.4.68-1  linux-lts-headers-5.4.68-1  polkit-0.118-1

Total Download Size:   196.80 MiB
Total Installed Size:  460.72 MiB
Net Upgrade Size:       62.72 MiB

:: Retrieving packages...
downloading linux-5.8.12.arch1-1-x86_64.pkg.tar.zst...
downloading linux-headers-5.8.12.arch1-1-x86_64.pkg.tar.zst...
downloading linux-lts-5.4.68-1-x86_64.pkg.tar.zst...
downloading linux-lts-headers-5.4.68-1-x86_64.pkg.tar.zst...
downloading at-spi2-atk-2.38.0-1-x86_64.pkg.tar.zst...
downloading imagemagick-7.0.10.31-1-x86_64.pkg.tar.zst...
downloading libsigc++-2.10.4-2-x86_64.pkg.tar.zst...
downloading js78-78.3.0-1-x86_64.pkg.tar.zst...
downloading polkit-0.118-1-x86_64.pkg.tar.zst...
checking keyring...
checking package integrity...
loading package files...
checking for file conflicts...
checking available disk space...
:: Running pre-transaction hooks...
(1/1) Removing linux initcpios...
:: Processing package changes...
upgrading at-spi2-atk...
upgrading imagemagick...
upgrading libsigc++...
upgrading linux...
upgrading linux-headers...
upgrading linux-lts...
upgrading linux-lts-headers...
installing js78...
upgrading polkit...
:: Running post-transaction hooks...
(1/7) Creating system user accounts...
(2/7) Reloading system manager configuration...
(3/7) Arming ConditionNeedsUpdate...
(4/7) Updating module dependencies...
(5/7) Updating linux initcpios...
==> Building image from preset: /etc/mkinitcpio.d/linux-lts.preset: 'default'
  -> -k /boot/vmlinuz-linux-lts -c /etc/mkinitcpio.conf -g /boot/initramfs-linux-lts.img
==> Starting build: 5.4.68-1-lts
  -> Running build hook: [base]
  -> Running build hook: [udev]
  -> Running build hook: [autodetect]
  -> Running build hook: [modconf]
  -> Running build hook: [block]
  -> Running build hook: [filesystems]
  -> Running build hook: [keyboard]
  -> Running build hook: [fsck]
==> Generating module dependencies
==> Creating gzip-compressed initcpio image: /boot/initramfs-linux-lts.img
==> Image generation successful
==> Building image from preset: /etc/mkinitcpio.d/linux-lts.preset: 'fallback'
  -> -k /boot/vmlinuz-linux-lts -c /etc/mkinitcpio.conf -g /boot/initramfs-linux-lts-fallback.img -S autodetect
==> Starting build: 5.4.68-1-lts
  -> Running build hook: [base]
  -> Running build hook: [udev]
  -> Running build hook: [modconf]
  -> Running build hook: [block]
==> WARNING: Possibly missing firmware for module: aic94xx
==> WARNING: Possibly missing firmware for module: wd719x
  -> Running build hook: [filesystems]
  -> Running build hook: [keyboard]
  -> Running build hook: [fsck]
==> Generating module dependencies
==> Creating gzip-compressed initcpio image: /boot/initramfs-linux-lts-fallback.img
==> Image generation successful
==> Building image from preset: /etc/mkinitcpio.d/linux.preset: 'default'
  -> -k /boot/vmlinuz-linux -c /etc/mkinitcpio.conf -g /boot/initramfs-linux.img
==> Starting build: 5.8.12-arch1-1
  -> Running build hook: [base]
  -> Running build hook: [udev]
  -> Running build hook: [autodetect]
  -> Running build hook: [modconf]
  -> Running build hook: [block]
==> WARNING: Possibly missing firmware for module: xhci_pci
  -> Running build hook: [filesystems]
  -> Running build hook: [keyboard]
  -> Running build hook: [fsck]
==> Generating module dependencies
==> Creating gzip-compressed initcpio image: /boot/initramfs-linux.img
==> Image generation successful
==> Building image from preset: /etc/mkinitcpio.d/linux.preset: 'fallback'
  -> -k /boot/vmlinuz-linux -c /etc/mkinitcpio.conf -g /boot/initramfs-linux-fallback.img -S autodetect
==> Starting build: 5.8.12-arch1-1
  -> Running build hook: [base]
  -> Running build hook: [udev]
  -> Running build hook: [modconf]
  -> Running build hook: [block]
==> WARNING: Possibly missing firmware for module: aic94xx
==> WARNING: Possibly missing firmware for module: wd719x
==> WARNING: Possibly missing firmware for module: xhci_pci
  -> Running build hook: [filesystems]
  -> Running build hook: [keyboard]
  -> Running build hook: [fsck]
==> Generating module dependencies
==> Creating gzip-compressed initcpio image: /boot/initramfs-linux-fallback.img
==> Image generation successful
(6/7) Reloading system bus configuration...
(7/7) Warn about old perl modules
#######################
# 09/28/2020 11:28:49 #
#######################
Command: sudo pacman -Syyu | tee -a /home/admin/asura/.logs//updateproc.log
Updates:
:: Synchronizing package databases...
downloading core.db...
downloading extra.db...
downloading community.db...
:: Starting full system upgrade...
 there is nothing to do
#######################
# 09/28/2020 21:04:16 #
#######################
Command: sudo pacman -Syyu | tee -a /home/admin/asura/.logs//updateproc.log
Updates:
:: Synchronizing package databases...
downloading core.db...
downloading extra.db...
downloading community.db...
:: Starting full system upgrade...
 there is nothing to do
#######################
# 10/01/2020 17:56:04 #
#######################
Command: sudo pacman -Syyu | tee -a /home/admin/asura/.logs//updateproc.log
Updates:
:: Synchronizing package databases...
downloading core.db...
downloading extra.db...
downloading community.db...
:: Starting full system upgrade...
resolving dependencies...
looking for conflicting packages...

Packages (1) picom-8.1-2

Total Download Size:   0.15 MiB
Total Installed Size:  0.37 MiB
Net Upgrade Size:      0.00 MiB

:: Retrieving packages...
downloading picom-8.1-2-x86_64.pkg.tar.zst...
checking keyring...
checking package integrity...
loading package files...
checking for file conflicts...
checking available disk space...
:: Processing package changes...
upgrading picom...
:: Running post-transaction hooks...
(1/3) Arming ConditionNeedsUpdate...
(2/3) Updating icon theme caches...
(3/3) Updating the desktop file MIME type cache...
#######################
# 10/02/2020 04:24:40 #
#######################
Command: sudo pacman -Syyu | tee -a /home/admin/asura/.logs//updateproc.log
Updates:
:: Synchronizing package databases...
downloading core.db...
downloading extra.db...
downloading community.db...
:: Starting full system upgrade...
 there is nothing to do
#######################
# 10/05/2020 12:37:56 #
#######################
Command: sudo pacman -Syyu | tee -a /home/admin/asura/.logs//updateproc.log
Updates:
:: Synchronizing package databases...
downloading core.db...
downloading extra.db...
downloading community.db...
:: Starting full system upgrade...
resolving dependencies...
looking for conflicting packages...

Packages (13) firefox-81.0.1-1  gcc-10.2.0-3  gcc-libs-10.2.0-3  gobject-introspection-runtime-1.66.1-1  imagemagick-7.0.10.33-1  js78-78.3.1-1  librsvg-2:2.50.1-1  linux-5.8.13.arch1-1  linux-firmware-20200916.00a84c5-1  linux-headers-5.8.13.arch1-1  linux-lts-5.4.69-1  linux-lts-headers-5.4.69-1  neofetch-7.1.0-2

Total Download Size:    444.07 MiB
Total Installed Size:  1537.91 MiB
Net Upgrade Size:         5.07 MiB

:: Retrieving packages...
downloading gcc-libs-10.2.0-3-x86_64.pkg.tar.zst...
downloading gcc-10.2.0-3-x86_64.pkg.tar.zst...
downloading linux-5.8.13.arch1-1-x86_64.pkg.tar.zst...
downloading linux-firmware-20200916.00a84c5-1-any.pkg.tar.zst...
downloading linux-headers-5.8.13.arch1-1-x86_64.pkg.tar.zst...
downloading linux-lts-5.4.69-1-x86_64.pkg.tar.zst...
downloading linux-lts-headers-5.4.69-1-x86_64.pkg.tar.zst...
downloading librsvg-2:2.50.1-1-x86_64.pkg.tar.zst...
downloading js78-78.3.1-1-x86_64.pkg.tar.zst...
downloading firefox-81.0.1-1-x86_64.pkg.tar.zst...
downloading gobject-introspection-runtime-1.66.1-1-x86_64.pkg.tar.zst...
downloading imagemagick-7.0.10.33-1-x86_64.pkg.tar.zst...
downloading neofetch-7.1.0-2-any.pkg.tar.zst...
checking keyring...
checking package integrity...
loading package files...
checking for file conflicts...
checking available disk space...
:: Running pre-transaction hooks...
(1/1) Removing linux initcpios...
:: Processing package changes...
upgrading gcc-libs...
upgrading librsvg...
upgrading js78...
upgrading firefox...
upgrading gcc...
upgrading gobject-introspection-runtime...
upgrading imagemagick...
upgrading linux...
upgrading linux-firmware...
upgrading linux-headers...
upgrading linux-lts...
upgrading linux-lts-headers...
upgrading neofetch...
:: Running post-transaction hooks...
(1/9) Creating temporary files...
(2/9) Arming ConditionNeedsUpdate...
(3/9) Updating module dependencies...
(4/9) Updating linux initcpios...
==> Building image from preset: /etc/mkinitcpio.d/linux-lts.preset: 'default'
  -> -k /boot/vmlinuz-linux-lts -c /etc/mkinitcpio.conf -g /boot/initramfs-linux-lts.img
==> Starting build: 5.4.69-1-lts
  -> Running build hook: [base]
  -> Running build hook: [udev]
  -> Running build hook: [autodetect]
  -> Running build hook: [modconf]
  -> Running build hook: [block]
  -> Running build hook: [filesystems]
  -> Running build hook: [keyboard]
  -> Running build hook: [fsck]
==> Generating module dependencies
==> Creating gzip-compressed initcpio image: /boot/initramfs-linux-lts.img
==> Image generation successful
==> Building image from preset: /etc/mkinitcpio.d/linux-lts.preset: 'fallback'
  -> -k /boot/vmlinuz-linux-lts -c /etc/mkinitcpio.conf -g /boot/initramfs-linux-lts-fallback.img -S autodetect
==> Starting build: 5.4.69-1-lts
  -> Running build hook: [base]
  -> Running build hook: [udev]
  -> Running build hook: [modconf]
  -> Running build hook: [block]
==> WARNING: Possibly missing firmware for module: aic94xx
==> WARNING: Possibly missing firmware for module: wd719x
  -> Running build hook: [filesystems]
  -> Running build hook: [keyboard]
  -> Running build hook: [fsck]
==> Generating module dependencies
==> Creating gzip-compressed initcpio image: /boot/initramfs-linux-lts-fallback.img
==> Image generation successful
==> Building image from preset: /etc/mkinitcpio.d/linux.preset: 'default'
  -> -k /boot/vmlinuz-linux -c /etc/mkinitcpio.conf -g /boot/initramfs-linux.img
==> Starting build: 5.8.13-arch1-1
  -> Running build hook: [base]
  -> Running build hook: [udev]
  -> Running build hook: [autodetect]
  -> Running build hook: [modconf]
  -> Running build hook: [block]
==> WARNING: Possibly missing firmware for module: xhci_pci
  -> Running build hook: [filesystems]
  -> Running build hook: [keyboard]
  -> Running build hook: [fsck]
==> Generating module dependencies
==> Creating gzip-compressed initcpio image: /boot/initramfs-linux.img
==> Image generation successful
==> Building image from preset: /etc/mkinitcpio.d/linux.preset: 'fallback'
  -> -k /boot/vmlinuz-linux -c /etc/mkinitcpio.conf -g /boot/initramfs-linux-fallback.img -S autodetect
==> Starting build: 5.8.13-arch1-1
  -> Running build hook: [base]
  -> Running build hook: [udev]
  -> Running build hook: [modconf]
  -> Running build hook: [block]
==> WARNING: Possibly missing firmware for module: aic94xx
==> WARNING: Possibly missing firmware for module: wd719x
==> WARNING: Possibly missing firmware for module: xhci_pci
  -> Running build hook: [filesystems]
  -> Running build hook: [keyboard]
  -> Running build hook: [fsck]
==> Generating module dependencies
==> Creating gzip-compressed initcpio image: /boot/initramfs-linux-fallback.img
==> Image generation successful
(5/9) Warn about old perl modules
(6/9) Probing GDK-Pixbuf loader modules...
(7/9) Updating icon theme caches...
(8/9) Updating the info directory file...
(9/9) Updating the desktop file MIME type cache...
#######################
# 10/05/2020 13:53:00 #
#######################
Command: sudo pacman -Syyu | tee -a /home/admin/asura/.logs//updateproc.log
Updates:
:: Synchronizing package databases...
downloading core.db...
downloading extra.db...
downloading community.db...
:: Starting full system upgrade...
 there is nothing to do
#######################
# 10/12/2020 11:29:24 #
#######################
Command: sudo pacman -Syyu | tee -a /home/admin/asura/.logs//updateproc.log
Updates:
:: Synchronizing package databases...
downloading core.db...
downloading extra.db...
downloading community.db...
:: Starting full system upgrade...
resolving dependencies...
looking for conflicting packages...

Packages (37) alacritty-0.5.0-2  bison-3.7.2-1  calcurse-4.6.0-2  cmake-3.18.4-1  glib2-2.66.1-2  gpm-1.20.7.r38.ge82d1a6-3  gtk-update-icon-cache-1:3.24.23-4  gtk3-1:3.24.23-4  gvfs-1.46.1-1  gvfs-smb-1.46.1-1  imagemagick-7.0.10.34-1  libcloudproviders-0.3.1-2  libinput-1.16.2-1  libpulse-13.99.2+7+g6101798c7-2  libsoup-2.72.0+5+g0b094bff-3  libstemmer-0+713-2  libxnvctrl-455.28-1  linux-5.8.14.arch1-1  linux-headers-5.8.14.arch1-1  linux-lts-5.4.70-1  linux-lts-headers-5.4.70-1  luit-20201003-1  mesa-20.2.0-2  nano-5.3-1  ndctl-70.1-1  opencore-amr-0.1.5-5  pango-1:1.46.2-3  pygobject-devel-3.36.1-1 [removal]  python-3.8.6-1  python-gobject-3.38.0-1  tracker3-3.0.1-1  ttf-font-awesome-5.15.1-1  tzdata-2020b-2  xcb-proto-1.14.1-1  xkeyboard-config-2.31-1  xorg-luit-1.1.1-4 [removal]  yajl-2.1.0-4

Total Download Size:   263.10 MiB
Total Installed Size:  737.20 MiB
Net Upgrade Size:        7.49 MiB

:: Retrieving packages...
downloading tzdata-2020b-2-x86_64.pkg.tar.zst...
downloading glib2-2.66.1-2-x86_64.pkg.tar.zst...
downloading bison-3.7.2-1-x86_64.pkg.tar.zst...
downloading gpm-1.20.7.r38.ge82d1a6-3-x86_64.pkg.tar.zst...
downloading linux-5.8.14.arch1-1-x86_64.pkg.tar.zst...
downloading linux-headers-5.8.14.arch1-1-x86_64.pkg.tar.zst...
downloading linux-lts-5.4.70-1-x86_64.pkg.tar.zst...
downloading linux-lts-headers-5.4.70-1-x86_64.pkg.tar.zst...
downloading nano-5.3-1-x86_64.pkg.tar.zst...
downloading xcb-proto-1.14.1-1-any.pkg.tar.zst...
downloading cmake-3.18.4-1-x86_64.pkg.tar.zst...
downloading pango-1:1.46.2-3-x86_64.pkg.tar.zst...
downloading gtk-update-icon-cache-1:3.24.23-4-x86_64.pkg.tar.zst...
downloading mesa-20.2.0-2-x86_64.pkg.tar.zst...
downloading libstemmer-0+713-2-x86_64.pkg.tar.zst...
downloading libsoup-2.72.0+5+g0b094bff-3-x86_64.pkg.tar.zst...
downloading tracker3-3.0.1-1-x86_64.pkg.tar.zst...
downloading libcloudproviders-0.3.1-2-x86_64.pkg.tar.zst...
downloading xkeyboard-config-2.31-1-any.pkg.tar.zst...
downloading gtk3-1:3.24.23-4-x86_64.pkg.tar.zst...
downloading ndctl-70.1-1-x86_64.pkg.tar.zst...
downloading python-3.8.6-1-x86_64.pkg.tar.zst...
downloading gvfs-1.46.1-1-x86_64.pkg.tar.zst...
downloading gvfs-smb-1.46.1-1-x86_64.pkg.tar.zst...
downloading imagemagick-7.0.10.34-1-x86_64.pkg.tar.zst...
downloading libinput-1.16.2-1-x86_64.pkg.tar.zst...
downloading libpulse-13.99.2+7+g6101798c7-2-x86_64.pkg.tar.zst...
downloading libxnvctrl-455.28-1-x86_64.pkg.tar.zst...
downloading opencore-amr-0.1.5-5-x86_64.pkg.tar.zst...
downloading python-gobject-3.38.0-1-x86_64.pkg.tar.zst...
downloading luit-20201003-1-x86_64.pkg.tar.zst...
downloading yajl-2.1.0-4-x86_64.pkg.tar.zst...
downloading alacritty-0.5.0-2-x86_64.pkg.tar.zst...
downloading calcurse-4.6.0-2-x86_64.pkg.tar.zst...
downloading ttf-font-awesome-5.15.1-1-any.pkg.tar.zst...
checking keyring...
checking package integrity...
loading package files...
checking for file conflicts...
checking available disk space...
:: Running pre-transaction hooks...
(1/1) Removing linux initcpios...
:: Processing package changes...
removing xorg-luit...
removing pygobject-devel...
upgrading tzdata...
upgrading glib2...
upgrading xcb-proto...
upgrading alacritty...
upgrading bison...
upgrading calcurse...
New optional dependencies for calcurse
    python-httplib2: for CalDAV support
upgrading cmake...
upgrading gpm...
upgrading pango...
upgrading gtk-update-icon-cache...
upgrading mesa...
installing libstemmer...
upgrading libsoup...
installing tracker3...
installing libcloudproviders...
upgrading xkeyboard-config...
upgrading gtk3...
upgrading ndctl...
upgrading python...
upgrading gvfs...
upgrading gvfs-smb...
upgrading imagemagick...
upgrading libinput...
upgrading libpulse...
upgrading libxnvctrl...
upgrading linux...
upgrading linux-headers...
upgrading linux-lts...
upgrading linux-lts-headers...
upgrading nano...
upgrading opencore-amr...
upgrading python-gobject...
upgrading ttf-font-awesome...
installing luit...
upgrading yajl...
:: Running post-transaction hooks...
( 1/17) Reloading system manager configuration...
( 2/17) Creating temporary files...
( 3/17) Reloading device manager configuration...
( 4/17) Arming ConditionNeedsUpdate...
( 5/17) Updating module dependencies...
( 6/17) Updating linux initcpios...
==> Building image from preset: /etc/mkinitcpio.d/linux-lts.preset: 'default'
  -> -k /boot/vmlinuz-linux-lts -c /etc/mkinitcpio.conf -g /boot/initramfs-linux-lts.img
==> Starting build: 5.4.70-1-lts
  -> Running build hook: [base]
  -> Running build hook: [udev]
  -> Running build hook: [autodetect]
  -> Running build hook: [modconf]
  -> Running build hook: [block]
  -> Running build hook: [filesystems]
  -> Running build hook: [keyboard]
  -> Running build hook: [fsck]
==> Generating module dependencies
==> Creating gzip-compressed initcpio image: /boot/initramfs-linux-lts.img
==> Image generation successful
==> Building image from preset: /etc/mkinitcpio.d/linux-lts.preset: 'fallback'
  -> -k /boot/vmlinuz-linux-lts -c /etc/mkinitcpio.conf -g /boot/initramfs-linux-lts-fallback.img -S autodetect
==> Starting build: 5.4.70-1-lts
  -> Running build hook: [base]
  -> Running build hook: [udev]
  -> Running build hook: [modconf]
  -> Running build hook: [block]
==> WARNING: Possibly missing firmware for module: aic94xx
==> WARNING: Possibly missing firmware for module: wd719x
  -> Running build hook: [filesystems]
  -> Running build hook: [keyboard]
  -> Running build hook: [fsck]
==> Generating module dependencies
==> Creating gzip-compressed initcpio image: /boot/initramfs-linux-lts-fallback.img
==> Image generation successful
==> Building image from preset: /etc/mkinitcpio.d/linux.preset: 'default'
  -> -k /boot/vmlinuz-linux -c /etc/mkinitcpio.conf -g /boot/initramfs-linux.img
==> Starting build: 5.8.14-arch1-1
  -> Running build hook: [base]
  -> Running build hook: [udev]
  -> Running build hook: [autodetect]
  -> Running build hook: [modconf]
  -> Running build hook: [block]
==> WARNING: Possibly missing firmware for module: xhci_pci
  -> Running build hook: [filesystems]
  -> Running build hook: [keyboard]
  -> Running build hook: [fsck]
==> Generating module dependencies
==> Creating gzip-compressed initcpio image: /boot/initramfs-linux.img
==> Image generation successful
==> Building image from preset: /etc/mkinitcpio.d/linux.preset: 'fallback'
  -> -k /boot/vmlinuz-linux -c /etc/mkinitcpio.conf -g /boot/initramfs-linux-fallback.img -S autodetect
==> Starting build: 5.8.14-arch1-1
  -> Running build hook: [base]
  -> Running build hook: [udev]
  -> Running build hook: [modconf]
  -> Running build hook: [block]
==> WARNING: Possibly missing firmware for module: aic94xx
==> WARNING: Possibly missing firmware for module: wd719x
==> WARNING: Possibly missing firmware for module: xhci_pci
  -> Running build hook: [filesystems]
  -> Running build hook: [keyboard]
  -> Running build hook: [fsck]
==> Generating module dependencies
==> Creating gzip-compressed initcpio image: /boot/initramfs-linux-fallback.img
==> Image generation successful
( 7/17) Warn about old perl modules
( 8/17) Updating fontconfig cache...
( 9/17) Updating GIO module cache...
(10/17) Compiling GSettings XML schema files...
(11/17) Probing GTK3 input method modules...
(12/17) Updating icon theme caches...
(13/17) Reloading GVFS config...
(14/17) Updating the info directory file...
(15/17) Updating the desktop file MIME type cache...
(16/17) Updating the MIME type database...
(17/17) Updating X fontdir indices...
#######################
# 10/12/2020 11:38:21 #
#######################
Command: sudo pacman -Syyu | tee -a /home/admin/asura/.logs//updateproc.log
Updates:
:: Synchronizing package databases...
downloading core.db...
downloading extra.db...
downloading community.db...
:: Starting full system upgrade...
 there is nothing to do
#######################
# 10/12/2020 21:27:32 #
#######################
Command: sudo pacman -Syyu | tee -a /home/admin/asura/.logs//updateproc.log
Updates:
:: Synchronizing package databases...
downloading core.db...
downloading extra.db...
downloading community.db...
:: Starting full system upgrade...
 there is nothing to do
#######################
# 10/13/2020 19:48:43 #
#######################
Command: sudo pacman -Syyu | tee -a /home/admin/asura/.logs//updateproc.log
Updates:
:: Synchronizing package databases...
#######################
# 10/13/2020 19:48:56 #
#######################
Command: sudo pacman -Syyu | tee -a /home/admin/asura/.logs//updateproc.log
Updates:
:: Synchronizing package databases...
#######################
# 10/13/2020 19:49:15 #
#######################
Command: sudo pacman -Syyu | tee -a /home/admin/asura/.logs//updateproc.log
Updates:
:: Synchronizing package databases...
downloading core.db...
downloading extra.db...
downloading community.db...
:: Starting full system upgrade...
resolving dependencies...
looking for conflicting packages...

Packages (3) firefox-81.0.2-1  libpulse-13.99.2+7+g6101798c7-3  zathura-0.4.7-1

Total Download Size:    58.27 MiB
Total Installed Size:  208.78 MiB
Net Upgrade Size:        0.01 MiB

:: Retrieving packages...
downloading libpulse-13.99.2+7+g6101798c7-3-x86_64.pkg.tar.zst...
downloading firefox-81.0.2-1-x86_64.pkg.tar.zst...
downloading zathura-0.4.7-1-x86_64.pkg.tar.zst...
checking keyring...
checking package integrity...
loading package files...
checking for file conflicts...
checking available disk space...
:: Processing package changes...
upgrading libpulse...
upgrading firefox...
upgrading zathura...
:: Running post-transaction hooks...
(1/3) Arming ConditionNeedsUpdate...
(2/3) Updating icon theme caches...
(3/3) Updating the desktop file MIME type cache...
#######################
# 10/16/2020 04:09:21 #
#######################
Command: sudo pacman -Syyu | tee -a /home/admin/asura/.logs//updateproc.log
Updates:
:: Synchronizing package databases...
#######################
# 10/16/2020 04:09:32 #
#######################
Command: sudo pacman -Syyu | tee -a /home/admin/asura/.logs//updateproc.log
Updates:
:: Synchronizing package databases...
#######################
# 10/16/2020 04:09:36 #
#######################
Command: sudo pacman -Syyu | tee -a /home/admin/asura/.logs//updateproc.log
Updates:
:: Synchronizing package databases...
downloading core.db...
downloading extra.db...
downloading community.db...
:: Starting full system upgrade...
resolving dependencies...
looking for conflicting packages...

Packages (13) calcurse-4.7.0-1  curl-7.73.0-1  freetype2-2.10.3-1  glibc-2.32-5  iana-etc-20201012-1  libnm-1.26.4-1  libpulse-13.99.2+13+g7f4d7fcf5-1  libsecret-0.20.4-1  linux-lts-5.4.71-1  linux-lts-headers-5.4.71-1  networkmanager-1.26.4-1  python-setuptools-1:50.3.1-1  xorg-xinit-1.4.1-3

Total Download Size:   106.09 MiB
Total Installed Size:  273.36 MiB
Net Upgrade Size:       -0.17 MiB

:: Retrieving packages...
downloading iana-etc-20201012-1-any.pkg.tar.zst...
downloading glibc-2.32-5-x86_64.pkg.tar.zst...
downloading curl-7.73.0-1-x86_64.pkg.tar.zst...
downloading libsecret-0.20.4-1-x86_64.pkg.tar.zst...
downloading linux-lts-5.4.71-1-x86_64.pkg.tar.zst...
downloading linux-lts-headers-5.4.71-1-x86_64.pkg.tar.zst...
downloading freetype2-2.10.3-1-x86_64.pkg.tar.zst...
downloading libnm-1.26.4-1-x86_64.pkg.tar.zst...
downloading libpulse-13.99.2+13+g7f4d7fcf5-1-x86_64.pkg.tar.zst...
downloading networkmanager-1.26.4-1-x86_64.pkg.tar.zst...
downloading python-setuptools-1:50.3.1-1-any.pkg.tar.zst...
downloading xorg-xinit-1.4.1-3-x86_64.pkg.tar.zst...
downloading calcurse-4.7.0-1-x86_64.pkg.tar.zst...
checking keyring...
checking package integrity...
loading package files...
checking for file conflicts...
checking available disk space...
:: Running pre-transaction hooks...
(1/1) Removing linux initcpios...
:: Processing package changes...
upgrading iana-etc...
upgrading glibc...
Generating locales...
  en_SG.UTF-8... done
Generation complete.
upgrading calcurse...
upgrading curl...
upgrading freetype2...
upgrading libnm...
upgrading libpulse...
upgrading libsecret...
upgrading linux-lts...
upgrading linux-lts-headers...
upgrading networkmanager...
upgrading python-setuptools...
upgrading xorg-xinit...
:: Running post-transaction hooks...
(1/8) Reloading system manager configuration...
(2/8) Creating temporary files...
(3/8) Reloading device manager configuration...
(4/8) Arming ConditionNeedsUpdate...
(5/8) Updating module dependencies...
(6/8) Updating linux initcpios...
==> Building image from preset: /etc/mkinitcpio.d/linux-lts.preset: 'default'
  -> -k /boot/vmlinuz-linux-lts -c /etc/mkinitcpio.conf -g /boot/initramfs-linux-lts.img
==> Starting build: 5.4.71-1-lts
  -> Running build hook: [base]
  -> Running build hook: [udev]
  -> Running build hook: [autodetect]
  -> Running build hook: [modconf]
  -> Running build hook: [block]
  -> Running build hook: [filesystems]
  -> Running build hook: [keyboard]
  -> Running build hook: [fsck]
==> Generating module dependencies
==> Creating gzip-compressed initcpio image: /boot/initramfs-linux-lts.img
==> Image generation successful
==> Building image from preset: /etc/mkinitcpio.d/linux-lts.preset: 'fallback'
  -> -k /boot/vmlinuz-linux-lts -c /etc/mkinitcpio.conf -g /boot/initramfs-linux-lts-fallback.img -S autodetect
==> Starting build: 5.4.71-1-lts
  -> Running build hook: [base]
  -> Running build hook: [udev]
  -> Running build hook: [modconf]
  -> Running build hook: [block]
==> WARNING: Possibly missing firmware for module: aic94xx
==> WARNING: Possibly missing firmware for module: wd719x
  -> Running build hook: [filesystems]
  -> Running build hook: [keyboard]
  -> Running build hook: [fsck]
==> Generating module dependencies
==> Creating gzip-compressed initcpio image: /boot/initramfs-linux-lts-fallback.img
==> Image generation successful
(7/8) Reloading system bus configuration...
(8/8) Updating the info directory file...
#######################
# 10/17/2020 08:29:46 #
#######################
Command: sudo pacman -Syyu | tee -a /home/admin/asura/.logs//updateproc.log
Updates:
:: Synchronizing package databases...
downloading core.db...
downloading extra.db...
downloading community.db...
:: Starting full system upgrade...
resolving dependencies...
looking for conflicting packages...

Packages (5) binutils-2.35.1-1  libcap-2.44-1  libcap-ng-0.8-1  libmm-glib-1.14.6-1  lua-5.4.1-1

Total Download Size:    6.11 MiB
Total Installed Size:  36.92 MiB
Net Upgrade Size:       0.07 MiB

:: Retrieving packages...
downloading libcap-2.44-1-x86_64.pkg.tar.zst...
downloading binutils-2.35.1-1-x86_64.pkg.tar.zst...
downloading libcap-ng-0.8-1-x86_64.pkg.tar.zst...
downloading libmm-glib-1.14.6-1-x86_64.pkg.tar.zst...
downloading lua-5.4.1-1-x86_64.pkg.tar.zst...
checking keyring...
checking package integrity...
loading package files...
checking for file conflicts...
checking available disk space...
:: Processing package changes...
upgrading libcap...
upgrading binutils...
upgrading libcap-ng...
upgrading libmm-glib...
upgrading lua...
:: Running post-transaction hooks...
(1/2) Arming ConditionNeedsUpdate...
(2/2) Updating the info directory file...
#######################
# 10/17/2020 19:04:10 #
#######################
Command: sudo pacman -Syyu | tee -a /home/admin/asura/.logs//updateproc.log
Updates:
:: Synchronizing package databases...
downloading core.db...
downloading extra.db...
downloading community.db...
:: Starting full system upgrade...
 there is nothing to do
#######################
# 10/17/2020 19:37:56 #
#######################
Command: sudo pacman -Syyu | tee -a /home/admin/asura/.logs//updateproc.log
Updates:
:: Synchronizing package databases...
downloading core.db...
downloading extra.db...
downloading community.db...
:: Starting full system upgrade...
 there is nothing to do
#######################
# 10/18/2020 22:30:59 #
#######################
Command: sudo pacman -Syyu | tee -a /home/admin/asura/.logs//updateproc.log
Updates:
:: Synchronizing package databases...
downloading core.db...
downloading extra.db...
downloading community.db...
:: Starting full system upgrade...
 there is nothing to do
#######################
# 10/24/2020 09:02:28 #
#######################
Command: sudo pacman -Syyu | tee -a /home/admin/asura/.logs//updateproc.log
Updates:
:: Synchronizing package databases...
downloading core.db...
downloading extra.db...
downloading community.db...
:: Starting full system upgrade...
 there is nothing to do
#######################
# 10/24/2020 09:55:03 #
#######################
Command: sudo pacman -Syyu | tee -a /home/admin/asura/.logs//updateproc.log
Updates:
:: Synchronizing package databases...
downloading core.db...
downloading extra.db...
downloading community.db...
:: Starting full system upgrade...
resolving dependencies...
looking for conflicting packages...

Packages (29) alacritty-0.5.0-3  alsa-lib-1.2.4-3  alsa-topology-conf-1.2.4-2  alsa-ucm-conf-1.2.4-2  alsa-utils-1.2.4-2  ca-certificates-mozilla-3.58-1  enchant-2.2.11-1  expat-2.2.10-2  firefox-82.0-1  freetype2-2.10.4-1  git-2.29.1-1  glib2-2.66.2-1  go-2:1.15.3-1  grep-3.5-1  i3-gaps-4.18.3-1  iproute2-5.9.0-1  js78-78.4.0-1  libjpeg-turbo-2.0.5-3  libpcap-1.9.1-4  libusb-1.0.23-3  linux-5.9.1.arch1-1  linux-headers-5.9.1.arch1-1  linux-lts-5.4.72-1  linux-lts-headers-5.4.72-1  mesa-20.2.1-1  nss-3.58-1  python-setuptools-1:50.3.2-1  ttf-jetbrains-mono-2.200-1  webkit2gtk-2.30.2-1

Total Download Size:    437.20 MiB
Total Installed Size:  1480.07 MiB
Net Upgrade Size:        -7.28 MiB

:: Retrieving packages...
downloading glib2-2.66.2-1-x86_64.pkg.tar.zst...
downloading expat-2.2.10-2-x86_64.pkg.tar.zst...
downloading ca-certificates-mozilla-3.58-1-x86_64.pkg.tar.zst...
downloading nss-3.58-1-x86_64.pkg.tar.zst...
downloading libpcap-1.9.1-4-x86_64.pkg.tar.zst...
downloading libusb-1.0.23-3-x86_64.pkg.tar.zst...
downloading grep-3.5-1-x86_64.pkg.tar.zst...
downloading iproute2-5.9.0-1-x86_64.pkg.tar.zst...
downloading linux-5.9.1.arch1-1-x86_64.pkg.tar.zst...
downloading linux-headers-5.9.1.arch1-1-x86_64.pkg.tar.zst...
downloading linux-lts-5.4.72-1-x86_64.pkg.tar.zst...
downloading linux-lts-headers-5.4.72-1-x86_64.pkg.tar.zst...
downloading freetype2-2.10.4-1-x86_64.pkg.tar.zst...
downloading alsa-topology-conf-1.2.4-2-any.pkg.tar.zst...
downloading alsa-ucm-conf-1.2.4-2-any.pkg.tar.zst...
downloading alsa-lib-1.2.4-3-x86_64.pkg.tar.zst...
downloading alsa-utils-1.2.4-2-x86_64.pkg.tar.zst...
downloading enchant-2.2.11-1-x86_64.pkg.tar.zst...
downloading libjpeg-turbo-2.0.5-3-x86_64.pkg.tar.zst...
downloading mesa-20.2.1-1-x86_64.pkg.tar.zst...
downloading js78-78.4.0-1-x86_64.pkg.tar.zst...
downloading firefox-82.0-1-x86_64.pkg.tar.zst...
downloading git-2.29.1-1-x86_64.pkg.tar.zst...
downloading python-setuptools-1:50.3.2-1-any.pkg.tar.zst...
downloading webkit2gtk-2.30.2-1-x86_64.pkg.tar.zst...
downloading alacritty-0.5.0-3-x86_64.pkg.tar.zst...
downloading go-2:1.15.3-1-x86_64.pkg.tar.zst...
downloading i3-gaps-4.18.3-1-x86_64.pkg.tar.zst...
downloading ttf-jetbrains-mono-2.200-1-any.pkg.tar.zst...
checking keyring...
checking package integrity...
loading package files...
checking for file conflicts...
checking available disk space...
:: Running pre-transaction hooks...
(1/1) Removing linux initcpios...
:: Processing package changes...
upgrading glib2...
upgrading freetype2...
upgrading expat...
upgrading alacritty...
upgrading alsa-topology-conf...
upgrading alsa-ucm-conf...
upgrading alsa-lib...
upgrading alsa-utils...
upgrading ca-certificates-mozilla...
upgrading enchant...
upgrading nss...
upgrading libpcap...
upgrading libjpeg-turbo...
New optional dependencies for libjpeg-turbo
    java-runtime>11: for TurboJPEG Java wrapper
upgrading mesa...
upgrading libusb...
upgrading js78...
upgrading firefox...
upgrading grep...
upgrading git...
upgrading go...
upgrading i3-gaps...
upgrading iproute2...
upgrading linux...
upgrading linux-headers...
upgrading linux-lts...
upgrading linux-lts-headers...
upgrading python-setuptools...
upgrading ttf-jetbrains-mono...
upgrading webkit2gtk...
:: Running post-transaction hooks...
( 1/12) Creating system user accounts...
( 2/12) Reloading system manager configuration...
( 3/12) Reloading device manager configuration...
( 4/12) Arming ConditionNeedsUpdate...
( 5/12) Rebuilding certificate stores...
( 6/12) Updating module dependencies...
( 7/12) Updating linux initcpios...
==> Building image from preset: /etc/mkinitcpio.d/linux-lts.preset: 'default'
  -> -k /boot/vmlinuz-linux-lts -c /etc/mkinitcpio.conf -g /boot/initramfs-linux-lts.img
==> Starting build: 5.4.72-1-lts
  -> Running build hook: [base]
  -> Running build hook: [udev]
  -> Running build hook: [autodetect]
  -> Running build hook: [modconf]
  -> Running build hook: [block]
  -> Running build hook: [filesystems]
  -> Running build hook: [keyboard]
  -> Running build hook: [fsck]
==> Generating module dependencies
==> Creating gzip-compressed initcpio image: /boot/initramfs-linux-lts.img
==> Image generation successful
==> Building image from preset: /etc/mkinitcpio.d/linux-lts.preset: 'fallback'
  -> -k /boot/vmlinuz-linux-lts -c /etc/mkinitcpio.conf -g /boot/initramfs-linux-lts-fallback.img -S autodetect
==> Starting build: 5.4.72-1-lts
  -> Running build hook: [base]
  -> Running build hook: [udev]
  -> Running build hook: [modconf]
  -> Running build hook: [block]
==> WARNING: Possibly missing firmware for module: aic94xx
==> WARNING: Possibly missing firmware for module: wd719x
  -> Running build hook: [filesystems]
  -> Running build hook: [keyboard]
  -> Running build hook: [fsck]
==> Generating module dependencies
==> Creating gzip-compressed initcpio image: /boot/initramfs-linux-lts-fallback.img
==> Image generation successful
==> Building image from preset: /etc/mkinitcpio.d/linux.preset: 'default'
  -> -k /boot/vmlinuz-linux -c /etc/mkinitcpio.conf -g /boot/initramfs-linux.img
==> Starting build: 5.9.1-arch1-1
  -> Running build hook: [base]
  -> Running build hook: [udev]
  -> Running build hook: [autodetect]
  -> Running build hook: [modconf]
  -> Running build hook: [block]
==> WARNING: Possibly missing firmware for module: xhci_pci
  -> Running build hook: [filesystems]
  -> Running build hook: [keyboard]
  -> Running build hook: [fsck]
==> Generating module dependencies
==> Creating gzip-compressed initcpio image: /boot/initramfs-linux.img
==> Image generation successful
==> Building image from preset: /etc/mkinitcpio.d/linux.preset: 'fallback'
  -> -k /boot/vmlinuz-linux -c /etc/mkinitcpio.conf -g /boot/initramfs-linux-fallback.img -S autodetect
==> Starting build: 5.9.1-arch1-1
  -> Running build hook: [base]
  -> Running build hook: [udev]
  -> Running build hook: [modconf]
  -> Running build hook: [block]
==> WARNING: Possibly missing firmware for module: aic94xx
==> WARNING: Possibly missing firmware for module: wd719x
==> WARNING: Possibly missing firmware for module: xhci_pci
  -> Running build hook: [filesystems]
  -> Running build hook: [keyboard]
  -> Running build hook: [fsck]
==> Generating module dependencies
==> Creating gzip-compressed initcpio image: /boot/initramfs-linux-fallback.img
==> Image generation successful
( 8/12) Updating fontconfig cache...
( 9/12) Updating icon theme caches...
(10/12) Updating the info directory file...
(11/12) Updating the desktop file MIME type cache...
(12/12) Updating X fontdir indices...
#######################
# 10/24/2020 11:30:44 #
#######################
Command: sudo pacman -Syyu | tee -a /home/admin/asura/.logs//updateproc.log
Updates:
:: Synchronizing package databases...
downloading core.db...
downloading extra.db...
downloading community.db...
:: Starting full system upgrade...
 there is nothing to do
#######################
# 10/24/2020 21:58:44 #
#######################
Command: sudo pacman -Syyu | tee -a /home/admin/asura/.logs//updateproc.log
Updates:
:: Synchronizing package databases...
downloading core.db...
downloading extra.db...
downloading community.db...
:: Starting full system upgrade...
 there is nothing to do
#######################
# 11/01/2020 10:59:19 #
#######################
Command: sudo pacman -Syyu | tee -a /home/admin/asura/.logs//updateproc.log
Updates:
:: Synchronizing package databases...
downloading core.db...
downloading extra.db...
downloading community.db...
:: Starting full system upgrade...
resolving dependencies...
looking for conflicting packages...

Packages (26) archlinux-keyring-20201028-1  confuse-3.3-2  fakeroot-1.25.3-1  firefox-82.0.2-1  git-2.29.2-1  gst-plugins-base-libs-1.18.1-1  gstreamer-1.18.1-1  libass-0.15.0-2  libbluray-1.2.1-1  libevdev-1.10.0-1  libgcrypt-1.8.7-1  libnewt-0.52.21-4  libpulse-13.99.3-1  libva-2.9.1-1  libxnvctrl-455.38-1  linux-5.9.2.arch1-1  linux-firmware-20201023.dae4b4c-1  linux-headers-5.9.2.arch1-1  linux-lts-5.4.73-1  linux-lts-headers-5.4.73-1  lmdb-0.9.27-1  mkinitcpio-29-1  pacman-mirrorlist-20201031-1  picom-8.2-1  smbclient-4.13.1-1  tzdata-2020d-1

Total Download Size:    392.88 MiB
Total Installed Size:  1273.93 MiB
Net Upgrade Size:        21.24 MiB

:: Retrieving packages...
downloading archlinux-keyring-20201028-1-any.pkg.tar.zst...
downloading tzdata-2020d-1-x86_64.pkg.tar.zst...
downloading libgcrypt-1.8.7-1-x86_64.pkg.tar.zst...
downloading fakeroot-1.25.3-1-x86_64.pkg.tar.zst...
downloading mkinitcpio-29-1-any.pkg.tar.zst...
downloading linux-5.9.2.arch1-1-x86_64.pkg.tar.zst...
downloading linux-firmware-20201023.dae4b4c-1-any.pkg.tar.zst...
downloading linux-headers-5.9.2.arch1-1-x86_64.pkg.tar.zst...
downloading linux-lts-5.4.73-1-x86_64.pkg.tar.zst...
downloading linux-lts-headers-5.4.73-1-x86_64.pkg.tar.zst...
downloading pacman-mirrorlist-20201031-1-any.pkg.tar.zst...
downloading libpulse-13.99.3-1-x86_64.pkg.tar.zst...
downloading libass-0.15.0-2-x86_64.pkg.tar.zst...
downloading libbluray-1.2.1-1-x86_64.pkg.tar.zst...
downloading libva-2.9.1-1-x86_64.pkg.tar.zst...
downloading firefox-82.0.2-1-x86_64.pkg.tar.zst...
downloading git-2.29.2-1-x86_64.pkg.tar.zst...
downloading gstreamer-1.18.1-1-x86_64.pkg.tar.zst...
downloading gst-plugins-base-libs-1.18.1-1-x86_64.pkg.tar.zst...
downloading libevdev-1.10.0-1-x86_64.pkg.tar.zst...
downloading libxnvctrl-455.38-1-x86_64.pkg.tar.zst...
downloading lmdb-0.9.27-1-x86_64.pkg.tar.zst...
downloading smbclient-4.13.1-1-x86_64.pkg.tar.zst...
downloading confuse-3.3-2-x86_64.pkg.tar.zst...
downloading libnewt-0.52.21-4-x86_64.pkg.tar.zst...
downloading picom-8.2-1-x86_64.pkg.tar.zst...
checking keyring...
checking package integrity...
loading package files...
checking for file conflicts...
checking available disk space...
:: Running pre-transaction hooks...
(1/1) Removing linux initcpios...
:: Processing package changes...
upgrading archlinux-keyring...
==> Appending keys from archlinux.gpg...
==> Locally signing trusted keys in keyring...
  -> Locally signing key D8AFDDA07A5B6EDFA7D8CCDAD6D055F927843F1C...
  -> Locally signing key DDB867B92AA789C165EEFA799B729B06A680C281...
  -> Locally signing key 91FFE0700E80619CEB73235CA88E23E377514E00...
  -> Locally signing key 0E8B644079F599DFC1DDC3973348882F6AC6A4C2...
  -> Locally signing key AB19265E5D7D20687D303246BA1DFB64FFF979E7...
==> Importing owner trust values...
==> Disabling revoked keys in keyring...
  -> Disabling key 8F76BEEA0289F9E1D3E229C05F946DED983D4366...
  -> Disabling key 63F395DE2D6398BBE458F281F2DBB4931985A992...
  -> Disabling key 50F33E2E5B0C3D900424ABE89BDCF497A4BBCC7F...
  -> Disabling key 27FFC4769E19F096D41D9265A04F9397CDFD6BB0...
  -> Disabling key 39F880E50E49A4D11341E8F939E4F17F295AFBF4...
  -> Disabling key 8840BD07FC24CB7CE394A07CCF7037A4F27FB7DA...
  -> Disabling key 5559BC1A32B8F76B3FCCD9555FA5E5544F010D48...
  -> Disabling key 0B20CA1931F5DA3A70D0F8D2EA6836E1AB441196...
  -> Disabling key 07DFD3A0BC213FA12EDC217559B3122E2FA915EC...
  -> Disabling key 4FCF887689C41B09506BE8D5F3E1D5C5D30DB0AD...
  -> Disabling key 5A2257D19FF7E1E0E415968CE62F853100F0D0F0...
  -> Disabling key D921CABED130A5690EF1896E81AF739EC0711BF1...
  -> Disabling key 7FA647CD89891DEDC060287BB9113D1ED21E1A55...
  -> Disabling key BC1FBE4D2826A0B51E47ED62E2539214C6C11350...
  -> Disabling key 4A8B17E20B88ACA61860009B5CED81B7C2E5C0D2...
  -> Disabling key 5696C003B0854206450C8E5BE613C09CB4440678...
  -> Disabling key 684148BB25B49E986A4944C55184252D824B18E8...
  -> Disabling key 8CF934E339CAD8ABF342E822E711306E3C4F88BC...
  -> Disabling key F5A361A3A13554B85E57DDDAAF7EF7873CFD4BB6...
  -> Disabling key 5E7585ADFF106BFFBBA319DC654B877A0864983E...
  -> Disabling key 65EEFE022108E2B708CBFCF7F9E712E59AF5F22A...
  -> Disabling key 40440DC037C05620984379A6761FAD69BA06C6A9...
  -> Disabling key 34C5D94FE7E7913E86DC427E7FB1A3800C84C0A5...
  -> Disabling key 1A60DC44245D06FEF90623D6EEEEE2EEEE2EEEEE...
  -> Disabling key 81D7F8241DB38BC759C80FCE3A726C6170E80477...
  -> Disabling key E7210A59715F6940CF9A4E36A001876699AD6E84...
  -> Disabling key 5357F3B111688D88C1D88119FCF2CB179205AC90...
  -> Disabling key 4D913AECD81726D9A6C74F0ADA6426DD215B37AD...
  -> Disabling key FB871F0131FEA4FB5A9192B4C8880A6406361833...
  -> Disabling key 66BD74A036D522F51DD70A3C7F2A16726521E06D...
  -> Disabling key 487EACC08557AD082088DABA1EB2638FF56C0C53...
  -> Disabling key B1F2C889CB2CCB2ADA36D963097D629E437520BD...
  -> Disabling key 9515D8A8EAB88E49BB65EDBCE6B456CAF15447D5...
  -> Disabling key 76B4192E902C0A52642C63C273B8ED52F1D357C1...
  -> Disabling key 40776A5221EF5AD468A4906D42A1DB15EC133BAD...
  -> Disabling key D4DE5ABDE2A7287644EAC7E36D1A9E70E19DAA50...
  -> Disabling key 44D4A033AC140143927397D47EFD567D4C7EA887...
==> Updating trust database...
gpg: next trustdb check due at 2021-01-01
upgrading tzdata...
upgrading confuse...
upgrading libgcrypt...
upgrading fakeroot...
upgrading libpulse...
New optional dependencies for libpulse
    glib2: mainloop integration [installed]
upgrading libass...
upgrading libbluray...
upgrading libva...
upgrading firefox...
upgrading git...
upgrading gstreamer...
upgrading gst-plugins-base-libs...
upgrading libevdev...
upgrading libnewt...
upgrading libxnvctrl...
upgrading mkinitcpio...
upgrading linux...
upgrading linux-firmware...
upgrading linux-headers...
upgrading linux-lts...
upgrading linux-lts-headers...
upgrading lmdb...
upgrading pacman-mirrorlist...
upgrading picom...
upgrading smbclient...
:: Running post-transaction hooks...
(1/9) Creating system user accounts...
(2/9) Reloading system manager configuration...
(3/9) Creating temporary files...
(4/9) Arming ConditionNeedsUpdate...
(5/9) Updating module dependencies...
(6/9) Updating linux initcpios...
==> Building image from preset: /etc/mkinitcpio.d/linux-lts.preset: 'default'
  -> -k /boot/vmlinuz-linux-lts -c /etc/mkinitcpio.conf -g /boot/initramfs-linux-lts.img
==> Starting build: 5.4.73-1-lts
  -> Running build hook: [base]
  -> Running build hook: [udev]
  -> Running build hook: [autodetect]
  -> Running build hook: [modconf]
  -> Running build hook: [block]
  -> Running build hook: [filesystems]
  -> Running build hook: [keyboard]
  -> Running build hook: [fsck]
==> Generating module dependencies
==> Creating gzip-compressed initcpio image: /boot/initramfs-linux-lts.img
==> Image generation successful
==> Building image from preset: /etc/mkinitcpio.d/linux-lts.preset: 'fallback'
  -> -k /boot/vmlinuz-linux-lts -c /etc/mkinitcpio.conf -g /boot/initramfs-linux-lts-fallback.img -S autodetect
==> Starting build: 5.4.73-1-lts
  -> Running build hook: [base]
  -> Running build hook: [udev]
  -> Running build hook: [modconf]
  -> Running build hook: [block]
==> WARNING: Possibly missing firmware for module: aic94xx
==> WARNING: Possibly missing firmware for module: wd719x
  -> Running build hook: [filesystems]
  -> Running build hook: [keyboard]
  -> Running build hook: [fsck]
==> Generating module dependencies
==> Creating gzip-compressed initcpio image: /boot/initramfs-linux-lts-fallback.img
==> Image generation successful
==> Building image from preset: /etc/mkinitcpio.d/linux.preset: 'default'
  -> -k /boot/vmlinuz-linux -c /etc/mkinitcpio.conf -g /boot/initramfs-linux.img
==> Starting build: 5.9.2-arch1-1
  -> Running build hook: [base]
  -> Running build hook: [udev]
  -> Running build hook: [autodetect]
  -> Running build hook: [modconf]
  -> Running build hook: [block]
==> WARNING: Possibly missing firmware for module: xhci_pci
  -> Running build hook: [filesystems]
  -> Running build hook: [keyboard]
  -> Running build hook: [fsck]
==> Generating module dependencies
==> Creating gzip-compressed initcpio image: /boot/initramfs-linux.img
==> Image generation successful
==> Building image from preset: /etc/mkinitcpio.d/linux.preset: 'fallback'
  -> -k /boot/vmlinuz-linux -c /etc/mkinitcpio.conf -g /boot/initramfs-linux-fallback.img -S autodetect
==> Starting build: 5.9.2-arch1-1
  -> Running build hook: [base]
  -> Running build hook: [udev]
  -> Running build hook: [modconf]
  -> Running build hook: [block]
==> WARNING: Possibly missing firmware for module: aic94xx
==> WARNING: Possibly missing firmware for module: wd719x
==> WARNING: Possibly missing firmware for module: xhci_pci
  -> Running build hook: [filesystems]
  -> Running build hook: [keyboard]
  -> Running build hook: [fsck]
==> Generating module dependencies
==> Creating gzip-compressed initcpio image: /boot/initramfs-linux-fallback.img
==> Image generation successful
(7/9) Updating icon theme caches...
(8/9) Updating the info directory file...
(9/9) Updating the desktop file MIME type cache...
#######################
# 11/01/2020 11:07:47 #
#######################
Command: sudo pacman -Syyu | tee -a /home/admin/asura/.logs//updateproc.log
Updates:
:: Synchronizing package databases...
downloading core.db...
downloading extra.db...
downloading community.db...
:: Starting full system upgrade...
 there is nothing to do
