.vimrc
.vimrc
.vimrc
pres.pdf
powermgmt.sh
/home/admin/asura/.config/i3/config
.config/polybar/config
.config/polybar/config
Desktop/portable/repos/gruvbox-dotfiles/polybar/config
config
config
convert-fit_screen-resolution.sh
networkmgr.sh
networkmgr.sh
logger.sh
logger.sh
logger.sh
logger.sh
logger.sh
logger.sh
logger.sh
logger.sh
logger.sh
shlib.sh
logger.sh
shlib.sh
logger.sh
vim_last_edited.log
vim_last_edited.log
NERD_tree_1
pyvim.py
available-wifi.log
.vimrc
.vimrc
.vimrc
.vimrc
.vimrc
.vimrc
.vimrc
.vimrc
.vimrc
.vimrc
.vimrc
.vimrc
.vimrc
.vimrc
.vimrc
.vimrc
.vimrc
.vimrc
.vimrc
.vimrc
.vimrc
.vimrc
.vimrc
.vimrc
.vimrc
.vimrc
.vimrc
.vimrc
.vimrc
.vimrc
.vimrc
.vimrc
.vimrc
.vimrc
.vimrc
.vimrc
.vimrc
.vimrc
.vimrc
.vimrc
.vimrc
.vimrc
.vimrc
.vimrc
.vimrc
.vimrc
.vimrc
.vimrc
.vimrc
pyvim.py
/home/admin/asura/.vimrc
/home/admin/asura/.vimrc
/home/admin/asura/.vimrc
/home/admin/asura/.vimrc
/home/admin/asura/.vimrc
/home/admin/asura/.vimrc
manpdf.sh
manpdf.sh
manpdf.sh
manpdf.sh
manpdf.sh
manpdf_dmenu.sh
manpdf_dmenu.sh
manpdf_dmenu.sh
dutils
dutils.sh
dutils.sh
dutils.sh
debugger.sh
dutils.sh
debugger.s
debugger.sh
dutils.sh
debugger.sh
helloworld.cpp
helloworld.cpp
main.cpp
main.cpp
main.cpp
pyvim.py
/home/admin/asura/.vimrc
/home/admin/asura/.vimrc
.bashrc-personal
.vimrc
dutils.sh
.vim/vimrc
.vim/vimrc
.vim/vimrc
.vim/vimrc
.vim/vimrc
.vim/vimrc
main.py
main.py
main.cpp
main.cpp
main.cpp
main.cpp
main.cpp
main.cpp
main.cpp
main.cpp
main.cpp
main.cpp
html.skel
index.html
main.py
main.cpp
main.sh
main.sh
main.sh
main.sh
main.sh
main.sh
main.sh
main.sh
main.sh
main.sh
main.sh
main.sh
main.sh
main.sh
main.sh
bash.skel
main.sh
main.sh
main.sh
.config/polybar/config
.config/i3/config
.vim/vimrc
.vim/vimrc
.vim/vimrc
.vim/vimrc
.vim/vimrc
.vim/vimrc
.vim/vimrc
.vim/vimrc
.vim/vimrc
.vim/vimrc
.vim/vimrc
.vim/vimrc
.vim/vimrc
.vim/vimrc
.vim/vimrc
.vim/vimrc
.vim/vimrc
.vim/vimrc
.vim/vimrc
.vim/vimrc
.vim/vimrc
.vim/vimrc
.vim/vimrc
.vim/vimrc
.vim/vimrc
.vim/vimrc
.vim/vimrc
.vim/vimrc
.vim/vimrc
.vim/vimrc
.vim/vimrc
.vim/vimrc
.vim/vimrc
.vim/vimrc
.vim/vimrc
.vim/vimrc
.vim/vimrc
.vim/vimrc
.vim/vimrc
.vim/vimrc
.vim/vimrc
.vim/vimrc
.vim/vimrc
.vim/vimrc
.vim/vimrc
.vim/vimrc
.vim/vimrc
.vim/vimrc
.vim/vimrc
.vim/vimrc
.config/i3/config
.vim/vimrc
.vim/vimrc
.vim/vimrc
.vim/vimrc
.vim/vimrc
.vim/vimrc
.vim/vimrc
.vim/vimrc
.vim/vimrc
.vim/vimrc
.vim/vimrc
.vim/vimrc
.vim/vimrc
.vim/vimrc
.vim/vimrc
.vim/vimrc
.vim/vimrc
.vim/vimrc
.vim/vimrc
.vim/vimrc
.vim/vimrc
.vim/vimrc
.vim/vimrc
.vim/vimrc
.vim/vimrc
.vim/vimrc
.vim/vimrc
.vim/vimrc
.vim/vimrc
.vim/vimrc
.vim/vimrc
.vim/vimrc
.vim/vimrc
.vim/vimrc
.vim/vimrc
.vim/vimrc
.vim/vimrc
.vim/vimrc
.vim/vimrc
.vim/vimrc
.vim/vimrc
.vim/vimrc
.vim/vimrc
.vim/vimrc
.vim/vimrc
.vim/vimrc
.vim/vimrc
.vim/vimrc
.vim/vimrc
.vim/vimrc
.vim/vimrc
.vim/vimrc
.vim/vimrc
.vim/vimrc
.vim/vimrc
.vim/vimrc
.vim/vimrc
.vim/vimrc
.vim/vimrc
.vim/vimrc
.vim/vimrc
.vim/vimrc
README.md
README.md
.vim/vimrc
README.md
README.md
README.md
README.md
.vim/vimrc
.vim/vimrc
.vim/vimrc
.vim/vimrc
.vim/vimrc
.vim/vimrc
.vim/vimrc
.vim/vimrc
.vim/vimrc
.vim/vimrc
.vim/vimrc
.vim/vimrc
.vim/vimrc
.vim/vimrc
.vim/vimrc
.vim/vimrc
.vim/vimrc
.vim/vimrc
.vim/vimrc
.vim/vimrc
.vim/vimrc
.vim/vimrc
.vim/vimrc
.vim/vimrc
.vim/vimrc
.vim/vimrc
.vim/vimrc
.vim/vimrc
.vim/vimrc
.vim/vimrc
.vim/vimrc
.vim/vimrc
.vim/vimrc
.vim/vimrc
.vim/vimrc
.vim/vimrc
.vim/vimrc
.vim/vimrc
.vim/vimrc
.vim/vimrc
.vim/vimrc
.vim/vimrc
.vim/vimrc
.vim/vimrc
.vim/vimrc
.vim/vimrc
.vim/vimrc
.vim/vimrc
.vim/vimrc
.vim/vimrc
.vim/vimrc
.vim/vimrc
.vim/vimrc
.vim/vimrc
.vim/vimrc
main.py
main.py
.vim/vimrc
.vim/vimrc
main.py
main.py
.vim/vimrc
.vim/vimrc
main.cpp
.vim/vimrc
.vim/vimrc
main.cpp
main.cpp
main.cpp
.vim/vimrc
.vim/vimrc
main.cpp
.vim/vimrc
.vim/vimrc
.vim/vimrc
main.cpp
.vim/vimrc
.vim/vimrc
main.py
main.py
.config/i3/config
.config/i3/config
install-logged.sh
install-logged.sh
install-logged.sh
/home/admin/asura/.vim/vimrc
/home/admin/asura/.vim/vimrc
/home/admin/asura/.vim/vimrc
/home/admin/asura/.vim/vimrc
install-logged.sh
install-logged.sh
install-logged.sh
/etc/systemd/logind.conf
longd.conf.default
/etc/systemd/logind.conf
/etc/systemd/logind.conf
connect_wifi.sh
connect_wifi.sh
connect_wifi.sh
connect_wifi.sh
connect_wifi.sh
.config/i3/config
README.md
README.md
README.md
installation/scripts/ArchLinux
installation/scripts/ArchLinux Post Installation.sh
installation/scripts/ArchLinux Post Installation.sh
installation/scripts/ArchLinux Post Installation.sh
archlinux/README.md
archlinux/README.md
archlinux/README.md
archlinux/README.md
archlinux/README.md
README.md
README.md
README.md
README.md
git-structure.sh
git-structure.sh
git-structure.sh
git-structure.sh
git-structure.sh
git-structure.sh
git-structure.sh
/home/admin/asura/.vim/vimrc
.vim/templates/README.skel
.vim/templates/README.skel
README.md
.vim/templates/asm.skel
.vim/templates/asm.skel
/home/admin/asura/.vim/vimrc
helloworld.asm
assembly_compile.sh
assembly_compile.sh
assembly_compile.sh
assembly_compile.sh
/home/admin/asura/.vim/plugged/vim-snippets-personal/snippets/asm.snippets
helloworld.asm
/home/admin/asura/.vim/plugged/vim-snippets-personal/snippets/asm.snippets
helloworld.asm
/home/admin/asura/.vim/plugged/vim-snippets-personal/snippets/asm.snippets
/home/admin/asura/.vim/plugged/vim-snippets-personal/snippets/asm.snippets
helloworld.asm
helloworld.asm
helloworld.asm
helloworld.asm
helloworld.asm
helloworld.asm
helloworld.asm
helloworld.asm
helloworld.asm
.vim/vimrc
.vim/vimrc
.vim/vimrc
.vim/vimrc
.vim/vimrc
.vim/vimrc
.vim/vimrc
asm.asm
asm.asm
helloworld.asm
helloworld.asm
helloworld.asm
helloworld.asm
NERD_tree_1
NERD_tree_1
NERD_tree_1
helloworld.asm
helloworld.asm
helloworld.asm
helloworld.asm
helloworld.asm
/home/admin/asura/Desktop/portable/scripts/bash/Compilers/assembly_compile.sh
/home/admin/asura/Desktop/portable/scripts/bash/Compilers/assembly_compile.sh
helloworld.asm
helloworld.asm
helloworld.asm
helloworld.asm
helloworld.asm
helloworld.asm
helloworld.asm
helloworld.asm
helloworld.asm
helloworld.asm
helloworld.asm
helloworld.asm
helloworld.asm
helloworld.asm
compile_here.sh
compile_here.sh
/home/admin/asura/.vim/templates/shell.skel
/home/admin/asura/.vim/templates/bash.skel
compile_here.sh
compile_here.sh
/home/admin/asura/.vim/templates/bash.skel
compile_here.sh
compile_here.sh
compile_here.sh
ArchLinux Minimal Install - Self-partition.sh
ArchLinux Minimal Install.sh
ArchLinux Minimal Install - Self-partition.sh
ArchLinux Minimal Install.sh
ArchLinux Minimal Install - Self-partition.sh
git-structure.sh
/home/admin/asura/.logs/gitstructure.log
/home/admin/asura/.logs/gitstructure.log
git-structure.sh
/home/admin/asura/.logs/gitstructure.log
README.md
README.md
README.md
README.md
/home/admin/asura/.logs/gitstructure.log
git-structure.sh
/home/admin/asura/.logs/gitstructure.log
git-structure.sh
/home/admin/asura/.logs/gitstructure.log
git-structure.sh
README.md
git-structure.sh
git-structure.sh
git-structure.sh
git-structure.sh
git-structure.sh
git-structure.sh
git-structure.sh
linux/scripts/Compilers/cs_compile.sh
linux/scripts/Compilers/cs_compile.sh
linux/scripts/Compilers/cs_compile.sh
NERD_tree_1
/home/admin/asura/Desktop/portable/scripts/bash/Compilers/cs_compile.sh
NERD_tree_1
/home/admin/asura/Desktop/portable/scripts/bash/Compilers/cs_compile.sh
/home/admin/asura/Desktop/portable/scripts/bash/Compilers/cs_compile.sh
/home/admin/asura/Desktop/portable/scripts/bash/Compilers/cs_compile.sh
/home/admin/asura/Desktop/portable/scripts/bash/Compilers/cs_compile.sh
/home/admin/asura/Desktop/portable/scripts/bash/Compilers/cs_compile.sh
/home/admin/asura/Desktop/portable/scripts/bash/Compilers/cs_compile.sh
/home/admin/asura/Desktop/portable/scripts/bash/Compilers/cs_compile.sh
/home/admin/asura/Desktop/portable/scripts/bash/Compilers/cs_compile.sh
/home/admin/asura/Desktop/portable/scripts/bash/Compilers/cs_compile.sh
/home/admin/asura/Desktop/portable/scripts/bash/Compilers/cs_compile.sh
/home/admin/asura/Desktop/portable/scripts/bash/Compilers/cs_compile.sh
/home/admin/asura/Desktop/portable/scripts/bash/Compilers/cs_compile.sh
/home/admin/asura/Desktop/portable/scripts/bash/Compilers/cs_compile.sh
/home/admin/asura/Desktop/portable/scripts/bash/Compilers/cs_compile.sh
/home/admin/asura/Desktop/portable/scripts/bash/Compilers/cs_compile.sh
/home/admin/asura/Desktop/portable/scripts/bash/Compilers/cs_compile.sh
/home/admin/asura/Desktop/portable/scripts/bash/Compilers/cs_compile.sh
/home/admin/asura/Desktop/portable/scripts/bash/Compilers/cs_compile.sh
/home/admin/asura/Desktop/portable/scripts/bash/Compilers/cs_compile.sh
/home/admin/asura/Desktop/portable/scripts/bash/Compilers/cs_compile.sh
/home/admin/asura/Desktop/portable/scripts/bash/Compilers/cs_compile.sh
/home/admin/asura/Desktop/portable/scripts/bash/Compilers/cs_compile.sh
/home/admin/asura/Desktop/portable/scripts/bash/Compilers/cs_compile.sh
/home/admin/asura/Desktop/portable/scripts/bash/Compilers/cs_compile.sh
/home/admin/asura/Desktop/portable/scripts/bash/Compilers/cs_compile.sh
/home/admin/asura/Desktop/portable/scripts/bash/Compilers/cs_compile.sh
setup_samba.sh
setup_samba.sh
setup_samba.sh
setup_samba.sh
setup_samba.sh
/home/admin/asura/Desktop/portable/scripts/bash/setup_samba.sh
/home/admin/asura/Desktop/portable/scripts/bash/setup_samba.sh
README.md
README.md
README.md
Bash-Template_2020-11-01_1812H.sh
Bash-Template_2020-11-01_1812H.sh
