[  1188.417] (WW) Failed to open protocol names file lib/xorg/protocol.txt
[  1188.420] 
X.Org X Server 1.20.9
X Protocol Version 11, Revision 0
[  1188.420] Build Operating System: Linux Arch Linux
[  1188.420] Current Operating System: Linux ArchLinux 5.4.66-1-lts #1 SMP Thu, 17 Sep 2020 18:00:06 +0000 x86_64
[  1188.420] Kernel command line: BOOT_IMAGE=/vmlinuz-linux-lts root=UUID=6ea3130c-7c08-4502-9c4c-b7e808712f7e rw loglevel=3 quiet
[  1188.420] Build Date: 02 September 2020  06:17:44AM
[  1188.420]  
[  1188.420] Current version of pixman: 0.40.0
[  1188.421] 	Before reporting problems, check http://wiki.x.org
	to make sure that you have the latest version.
[  1188.421] Markers: (--) probed, (**) from config file, (==) default setting,
	(++) from command line, (!!) notice, (II) informational,
	(WW) warning, (EE) error, (NI) not implemented, (??) unknown.
[  1188.425] (==) Log file: "/home/admin/asura/.local/share/xorg/Xorg.0.log", Time: Tue Sep 22 01:51:19 2020
[  1188.439] (==) Using system config directory "/usr/share/X11/xorg.conf.d"
[  1188.440] (==) No Layout section.  Using the first Screen section.
[  1188.440] (==) No screen section available. Using defaults.
[  1188.440] (**) |-->Screen "Default Screen Section" (0)
[  1188.440] (**) |   |-->Monitor "<default monitor>"
[  1188.441] (==) No monitor specified for screen "Default Screen Section".
	Using a default monitor configuration.
[  1188.441] (==) Automatically adding devices
[  1188.441] (==) Automatically enabling devices
[  1188.441] (==) Automatically adding GPU devices
[  1188.441] (==) Automatically binding GPU devices
[  1188.449] (==) Max clients allowed: 256, resource mask: 0x1fffff
[  1188.450] (WW) The directory "/usr/share/fonts/misc" does not exist.
[  1188.450] 	Entry deleted from font path.
[  1188.450] (WW) The directory "/usr/share/fonts/TTF" does not exist.
[  1188.450] 	Entry deleted from font path.
[  1188.450] (WW) The directory "/usr/share/fonts/OTF" does not exist.
[  1188.451] 	Entry deleted from font path.
[  1188.451] (WW) The directory "/usr/share/fonts/Type1" does not exist.
[  1188.451] 	Entry deleted from font path.
[  1188.469] (==) FontPath set to:
	/usr/share/fonts/100dpi,
	/usr/share/fonts/75dpi
[  1188.469] (==) ModulePath set to "/usr/lib/xorg/modules"
[  1188.469] (II) The server relies on udev to provide the list of input devices.
	If no devices become available, reconfigure udev or disable AutoAddDevices.
[  1188.469] (II) Module ABI versions:
[  1188.469] 	X.Org ANSI C Emulation: 0.4
[  1188.469] 	X.Org Video Driver: 24.1
[  1188.469] 	X.Org XInput driver : 24.1
[  1188.469] 	X.Org Server Extension : 10.0
[  1188.471] (II) systemd-logind: took control of session /org/freedesktop/login1/session/_33
[  1188.471] (II) xfree86: Adding drm device (/dev/dri/card1)
[  1188.471] (II) Platform probe for /sys/devices/pci0000:00/0000:00:01.1/0000:0a:00.0/drm/card1
[  1188.472] (II) systemd-logind: got fd for /dev/dri/card1 226:1 fd 10 paused 0
[  1188.472] (II) xfree86: Adding drm device (/dev/dri/card0)
[  1188.472] (II) Platform probe for /sys/devices/pci0000:00/0000:00:02.0/drm/card0
[  1188.473] (II) systemd-logind: got fd for /dev/dri/card0 226:0 fd 11 paused 0
[  1188.475] (--) PCI:*(0@0:2:0) 8086:0416:1028:0680 rev 6, Mem @ 0xf7400000/4194304, 0xd0000000/268435456, I/O @ 0x0000f000/64, BIOS @ 0x????????/131072
[  1188.475] (--) PCI: (10@0:0:0) 10de:1391:1028:0680 rev 162, Mem @ 0xf6000000/16777216, 0xe0000000/268435456, 0xf0000000/33554432, I/O @ 0x0000e000/128, BIOS @ 0x????????/524288
[  1188.475] (WW) Open ACPI failed (/var/run/acpid.socket) (No such file or directory)
[  1188.475] (II) LoadModule: "glx"
[  1188.479] (II) Loading /usr/lib/xorg/modules/extensions/libglx.so
[  1188.583] (II) Module glx: vendor="X.Org Foundation"
[  1188.583] 	compiled for 1.20.9, module version = 1.0.0
[  1188.583] 	ABI class: X.Org Server Extension, version 10.0
[  1188.583] (==) Matched intel as autoconfigured driver 0
[  1188.583] (==) Matched nouveau as autoconfigured driver 1
[  1188.583] (==) Matched nv as autoconfigured driver 2
[  1188.583] (==) Matched modesetting as autoconfigured driver 3
[  1188.583] (==) Matched fbdev as autoconfigured driver 4
[  1188.583] (==) Matched vesa as autoconfigured driver 5
[  1188.583] (==) Assigned the driver to the xf86ConfigLayout
[  1188.583] (II) LoadModule: "intel"
[  1188.585] (WW) Warning, couldn't open module intel
[  1188.585] (EE) Failed to load module "intel" (module does not exist, 0)
[  1188.585] (II) LoadModule: "nouveau"
[  1188.585] (WW) Warning, couldn't open module nouveau
[  1188.585] (EE) Failed to load module "nouveau" (module does not exist, 0)
[  1188.585] (II) LoadModule: "nv"
[  1188.585] (WW) Warning, couldn't open module nv
[  1188.585] (EE) Failed to load module "nv" (module does not exist, 0)
[  1188.585] (II) LoadModule: "modesetting"
[  1188.585] (II) Loading /usr/lib/xorg/modules/drivers/modesetting_drv.so
[  1188.608] (II) Module modesetting: vendor="X.Org Foundation"
[  1188.609] 	compiled for 1.20.9, module version = 1.20.9
[  1188.609] 	Module class: X.Org Video Driver
[  1188.609] 	ABI class: X.Org Video Driver, version 24.1
[  1188.609] (II) LoadModule: "fbdev"
[  1188.609] (II) Loading /usr/lib/xorg/modules/drivers/fbdev_drv.so
[  1188.616] (II) Module fbdev: vendor="X.Org Foundation"
[  1188.616] 	compiled for 1.20.8, module version = 0.5.0
[  1188.616] 	Module class: X.Org Video Driver
[  1188.616] 	ABI class: X.Org Video Driver, version 24.1
[  1188.616] (II) LoadModule: "vesa"
[  1188.616] (II) Loading /usr/lib/xorg/modules/drivers/vesa_drv.so
[  1188.620] (II) Module vesa: vendor="X.Org Foundation"
[  1188.620] 	compiled for 1.20.8, module version = 2.4.0
[  1188.620] 	Module class: X.Org Video Driver
[  1188.620] 	ABI class: X.Org Video Driver, version 24.1
[  1188.620] (II) modesetting: Driver for Modesetting Kernel Drivers: kms
[  1188.620] (II) FBDEV: driver for framebuffer: fbdev
[  1188.620] (II) VESA: driver for VESA chipsets: vesa
[  1188.621] (EE) 
Fatal server error:
[  1188.621] (EE) parse_vt_settings: Cannot open /dev/tty0 (Permission denied)
[  1188.621] (EE) 
[  1188.621] (EE) 
Please consult the The X.Org Foundation support 
	 at http://wiki.x.org
 for help. 
[  1188.621] (EE) Please also check the log file at "/home/admin/asura/.local/share/xorg/Xorg.0.log" for additional information.
[  1188.621] (EE) 
[  1188.621] (WW) xf86CloseConsole: KDSETMODE failed: Bad file descriptor
[  1188.621] (WW) xf86CloseConsole: VT_GETMODE failed: Bad file descriptor
[  1188.681] (EE) Server terminated with error (1). Closing log file.
